Determining if the pthread_create exist failed with the following output:
Change Dir: /home/pi/botpi/build/CMakeFiles/CMakeTmp

Run Build Command:/usr/bin/make "cmTryCompileExec2303478683/fast"
/usr/bin/make -f CMakeFiles/cmTryCompileExec2303478683.dir/build.make CMakeFiles/cmTryCompileExec2303478683.dir/build
make[1]: Entering directory '/home/pi/botpi/build/CMakeFiles/CMakeTmp'
/usr/bin/cmake -E cmake_progress_report /home/pi/botpi/build/CMakeFiles/CMakeTmp/CMakeFiles 1
Building C object CMakeFiles/cmTryCompileExec2303478683.dir/CheckSymbolExists.c.o
/usr/bin/gcc    -o CMakeFiles/cmTryCompileExec2303478683.dir/CheckSymbolExists.c.o   -c /home/pi/botpi/build/CMakeFiles/CMakeTmp/CheckSymbolExists.c
Linking C executable cmTryCompileExec2303478683
/usr/bin/cmake -E cmake_link_script CMakeFiles/cmTryCompileExec2303478683.dir/link.txt --verbose=1
/usr/bin/gcc         CMakeFiles/cmTryCompileExec2303478683.dir/CheckSymbolExists.c.o  -o cmTryCompileExec2303478683 -rdynamic 
CMakeFiles/cmTryCompileExec2303478683.dir/CheckSymbolExists.c.o: In function `main':
CheckSymbolExists.c:(.text+0x38): undefined reference to `pthread_create'
collect2: ld returned 1 exit status
CMakeFiles/cmTryCompileExec2303478683.dir/build.make:88: recipe for target 'cmTryCompileExec2303478683' failed
make[1]: Leaving directory '/home/pi/botpi/build/CMakeFiles/CMakeTmp'
make[1]: *** [cmTryCompileExec2303478683] Error 1
Makefile:114: recipe for target 'cmTryCompileExec2303478683/fast' failed
make: *** [cmTryCompileExec2303478683/fast] Error 2

File /home/pi/botpi/build/CMakeFiles/CMakeTmp/CheckSymbolExists.c:
/* */
#include <pthread.h>

int main(int argc, char** argv)
{
  (void)argv;
#ifndef pthread_create
  return ((int*)(&pthread_create))[argc];
#else
  (void)argc;
  return 0;
#endif
}

Determining if the function pthread_create exists in the pthreads failed with the following output:
Change Dir: /home/pi/botpi/build/CMakeFiles/CMakeTmp

Run Build Command:/usr/bin/make "cmTryCompileExec787494595/fast"
/usr/bin/make -f CMakeFiles/cmTryCompileExec787494595.dir/build.make CMakeFiles/cmTryCompileExec787494595.dir/build
make[1]: Entering directory '/home/pi/botpi/build/CMakeFiles/CMakeTmp'
/usr/bin/cmake -E cmake_progress_report /home/pi/botpi/build/CMakeFiles/CMakeTmp/CMakeFiles 1
Building C object CMakeFiles/cmTryCompileExec787494595.dir/CheckFunctionExists.c.o
/usr/bin/gcc   -DCHECK_FUNCTION_EXISTS=pthread_create   -o CMakeFiles/cmTryCompileExec787494595.dir/CheckFunctionExists.c.o   -c /usr/share/cmake-2.8/Modules/CheckFunctionExists.c
Linking C executable cmTryCompileExec787494595
/usr/bin/cmake -E cmake_link_script CMakeFiles/cmTryCompileExec787494595.dir/link.txt --verbose=1
/usr/bin/gcc     -DCHECK_FUNCTION_EXISTS=pthread_create    CMakeFiles/cmTryCompileExec787494595.dir/CheckFunctionExists.c.o  -o cmTryCompileExec787494595 -rdynamic -lpthreads 
/usr/bin/ld: cannot find -lpthreads
collect2: ld returned 1 exit status
CMakeFiles/cmTryCompileExec787494595.dir/build.make:88: recipe for target 'cmTryCompileExec787494595' failed
make[1]: Leaving directory '/home/pi/botpi/build/CMakeFiles/CMakeTmp'
make[1]: *** [cmTryCompileExec787494595] Error 1
Makefile:114: recipe for target 'cmTryCompileExec787494595/fast' failed
make: *** [cmTryCompileExec787494595/fast] Error 2


